<?xml version="1.0" encoding="UTF-8"?>
<!-- Generated by org.testng.reporters.JUnitReportReporter -->
<testsuite hostname="DESKTOP-8A44VM7" failures="0" tests="1" name="com.crm.Patients.AdminAppointmentTC_02Test" time="3.917" errors="0" timestamp="2022-08-12T11:14:12 IST" skipped="0">
  <testcase classname="com.crm.Patients.AdminAppointmentTC_02Test" name="adminAppointmentTC_02Test" time="3.917"/>
  <system-out/>
</testsuite> <!-- com.crm.Patients.AdminAppointmentTC_02Test -->
