<?xml version="1.0" encoding="UTF-8"?>
<!-- Generated by org.testng.reporters.JUnitReportReporter -->
<testsuite hostname="DESKTOP-E2K6OO4" failures="0" tests="1" name="com.crm.Patients.BookMyAppointment_TC01_Test" time="5.379" errors="0" timestamp="2022-08-10T12:15:01 IST" skipped="0">
  <testcase classname="com.crm.Patients.BookMyAppointment_TC01_Test" name="bookMyAppointment_TC01_Test" time="5.379"/>
  <system-out/>
</testsuite> <!-- com.crm.Patients.BookMyAppointment_TC01_Test -->
