<?xml version="1.0" encoding="UTF-8"?>
<!-- Generated by org.testng.reporters.JUnitReportReporter -->
<testsuite hostname="DESKTOP-8A44VM7" failures="0" tests="1" name="com.crm.Patients.BookMyAppointment_TC08_Test" time="4.115" errors="0" timestamp="2022-08-11T18:09:50 IST" skipped="0">
  <testcase classname="com.crm.Patients.BookMyAppointment_TC08_Test" name="bookMyAppointment_TC08_Test" time="4.115"/>
  <system-out/>
</testsuite> <!-- com.crm.Patients.BookMyAppointment_TC08_Test -->
