<?xml version="1.0" encoding="UTF-8"?>
<!-- Generated by org.testng.reporters.JUnitReportReporter -->
<testsuite hostname="DESKTOP-8A44VM7" failures="0" tests="1" name="com.crm.Patients.UpdatePatientTest" time="3.935" errors="0" timestamp="2022-08-10T10:26:35 IST" skipped="0">
  <testcase classname="com.crm.Patients.UpdatePatientTest" name="updatePatient" time="3.935"/>
  <system-out/>
</testsuite> <!-- com.crm.Patients.UpdatePatientTest -->
