<?xml version="1.0" encoding="UTF-8"?>
<!-- Generated by org.testng.reporters.JUnitReportReporter -->
<testsuite hostname="DESKTOP-8A44VM7" failures="0" tests="1" name="com.crm.Patients.BookMyAppointment_Test" time="2.918" errors="0" timestamp="2022-08-10T13:09:02 IST" skipped="0">
  <testcase classname="com.crm.Patients.BookMyAppointment_Test" name="bookMyAppointment_TC05_Test" time="2.918"/>
  <system-out/>
</testsuite> <!-- com.crm.Patients.BookMyAppointment_Test -->
