<?xml version="1.0" encoding="UTF-8"?>
<!-- Generated by org.testng.reporters.JUnitReportReporter -->
<testsuite hostname="INDRAJIT" failures="0" tests="1" name="com.crm.Patients.BookMyAppointmentTC_04Test" time="7.362" errors="0" timestamp="2022-08-10T12:47:10 IST" skipped="0">
  <testcase classname="com.crm.Patients.BookMyAppointmentTC_04Test" name="bookMyAppointmentTC_04Test" time="7.362"/>
  <system-out/>
</testsuite> <!-- com.crm.Patients.BookMyAppointmentTC_04Test -->
