<?xml version="1.0" encoding="UTF-8"?>
<!-- Generated by org.testng.reporters.JUnitReportReporter -->
<testsuite hostname="DESKTOP-8A44VM7" failures="0" tests="1" name="com.crm.Admin.AdminApointment_01Test" time="1.248" errors="0" timestamp="2022-08-11T18:37:25 IST" skipped="0">
  <testcase classname="com.crm.Admin.AdminApointment_01Test" name="adminApointment_01Test" time="1.248"/>
  <system-out/>
</testsuite> <!-- com.crm.Admin.AdminApointment_01Test -->
