<?xml version="1.0" encoding="UTF-8"?>
<!-- Generated by org.testng.reporters.JUnitReportReporter -->
<testsuite hostname="DESKTOP-E2K6OO4" failures="0" tests="2" name="com.crm.Patients.BookMyAppointment_Test" time="19.513" errors="0" timestamp="2022-08-10T14:05:01 IST" skipped="1">
  <testcase classname="com.crm.Patients.BookMyAppointment_Test" name="bookMyAppointment_TC02_Test" time="19.513"/>
  <system-out>
    <![CDATA[consultancy fees is matching and verifed]]>
  </system-out>
  <testcase classname="com.crm.Patients.BookMyAppointment_Test" name="bookMyAppointment_TC01_Test">
    <skipped/>
  </testcase> <!-- bookMyAppointment_TC01_Test -->
  <system-out/>
</testsuite> <!-- com.crm.Patients.BookMyAppointment_Test -->
