<?xml version="1.0" encoding="UTF-8"?>
<!-- Generated by org.testng.reporters.JUnitReportReporter -->
<testsuite hostname="INDRAJIT" failures="0" tests="1" name="com.crm.Patients.BookMyAppointmentTC_03Test" time="7.894" errors="0" timestamp="2022-08-10T10:37:52 IST" skipped="0">
  <testcase classname="com.crm.Patients.BookMyAppointmentTC_03Test" name="bookMyAppointmentTC_03Test" time="7.894"/>
  <system-out/>
</testsuite> <!-- com.crm.Patients.BookMyAppointmentTC_03Test -->
