<?xml version="1.0" encoding="UTF-8"?>
<!-- Generated by org.testng.reporters.JUnitReportReporter -->
<testsuite hostname="DESKTOP-8A44VM7" failures="0" tests="1" name="com.hms.myProfile.UpdatePatientProfileTest" time="0.355" errors="0" timestamp="2022-08-09T16:44:37 IST" skipped="0">
  <testcase classname="com.hms.myProfile.UpdatePatientProfileTest" name="updatePatient" time="0.355"/>
  <system-out/>
</testsuite> <!-- com.hms.myProfile.UpdatePatientProfileTest -->
