<?xml version="1.0" encoding="UTF-8"?>
<!-- Generated by org.testng.reporters.JUnitReportReporter -->
<testsuite hostname="DESKTOP-8A44VM7" failures="0" tests="1" name="com.crm.Patients.UpdatePatientTest" time="3.956" errors="0" timestamp="2022-08-10T12:05:02 IST" skipped="0">
  <testcase classname="com.crm.Patients.UpdatePatientTest" name="bookMyAppointment05Test" time="3.956"/>
  <system-out/>
</testsuite> <!-- com.crm.Patients.UpdatePatientTest -->
