<?xml version="1.0" encoding="UTF-8"?>
<!-- Generated by org.testng.reporters.JUnitReportReporter -->
<testsuite hostname="DESKTOP-E2K6OO4" failures="0" tests="1" name="com.hms.doctors.AddPatientAndVerifyInManagePatientTest" time="15.694" errors="0" timestamp="2022-08-12T10:01:25 IST" skipped="0">
  <testcase classname="com.hms.doctors.AddPatientAndVerifyInManagePatientTest" name="registerPatientAndVerifyAppointmentInDoctorModuleTest" time="15.694"/>
  <system-out/>
</testsuite> <!-- com.hms.doctors.AddPatientAndVerifyInManagePatientTest -->
